<?xml version="1.0" encoding="UTF-8"?>
<testng-results skipped="0" failed="0" ignored="0" total="1" passed="1">
  <reporter-output>
    <line>
      <![CDATA[<div "result">Launch the browser (PASSED : 5s)</div>]]>
    </line>
    <line>
      <![CDATA[<div "result">type userName as DemoSalesManager (PASSED : 0s)</div>]]>
    </line>
    <line>
      <![CDATA[<div "result">type password as crmsfa (PASSED : 0s)</div>]]>
    </line>
    <line>
      <![CDATA[<div "result">click SubmitButton (PASSED : 0s)</div>]]>
    </line>
  </reporter-output>
  <suite name="Default suite" duration-ms="6344" started-at="2018-07-10T10:54:17Z" finished-at="2018-07-10T10:54:23Z">
    <groups>
      <group name="cucumber">
        <method signature="AbstractTestNGCucumberTests.runScenario(cucumber.api.testng.PickleEventWrapper, cucumber.api.testng.CucumberFeatureWrapper)[pri:0, instance:runner.TestNGRunLogin@1ea3742]" name="runScenario" class="cucumber.api.testng.AbstractTestNGCucumberTests"/>
      </group> <!-- cucumber -->
    </groups>
    <test name="Default test" duration-ms="6344" started-at="2018-07-10T10:54:17Z" finished-at="2018-07-10T10:54:23Z">
      <class name="runner.TestNGRunLogin">
        <test-method status="PASS" signature="setUpClass()[pri:0, instance:runner.TestNGRunLogin@1ea3742]" name="setUpClass" is-config="true" duration-ms="286" started-at="2018-07-10T16:24:17Z" finished-at="2018-07-10T16:24:17Z">
          <reporter-output>
          </reporter-output>
        </test-method> <!-- setUpClass -->
        <test-method status="PASS" signature="runScenario(cucumber.api.testng.PickleEventWrapper, cucumber.api.testng.CucumberFeatureWrapper)[pri:0, instance:runner.TestNGRunLogin@1ea3742]" name="runScenario" duration-ms="5897" started-at="2018-07-10T16:24:17Z" description="Runs Cucumber Scenarios" data-provider="scenarios" finished-at="2018-07-10T16:24:23Z">
          <params>
            <param index="0">
              <value>
                <![CDATA["create lead"]]>
              </value>
            </param>
            <param index="1">
              <value>
                <![CDATA["Creating new Lead"]]>
              </value>
            </param>
          </params>
          <reporter-output>
            <line>
              <![CDATA[<div "result">Launch the browser (PASSED : 5s)</div>]]>
            </line>
            <line>
              <![CDATA[<div "result">type userName as DemoSalesManager (PASSED : 0s)</div>]]>
            </line>
            <line>
              <![CDATA[<div "result">type password as crmsfa (PASSED : 0s)</div>]]>
            </line>
            <line>
              <![CDATA[<div "result">click SubmitButton (PASSED : 0s)</div>]]>
            </line>
          </reporter-output>
        </test-method> <!-- runScenario -->
        <test-method status="PASS" signature="tearDownClass()[pri:0, instance:runner.TestNGRunLogin@1ea3742]" name="tearDownClass" is-config="true" duration-ms="85" started-at="2018-07-10T16:24:23Z" finished-at="2018-07-10T16:24:23Z">
          <reporter-output>
          </reporter-output>
        </test-method> <!-- tearDownClass -->
      </class> <!-- runner.TestNGRunLogin -->
    </test> <!-- Default test -->
  </suite> <!-- Default suite -->
</testng-results>
