<?xml version="1.0" encoding="UTF-8"?>
<!-- Generated by org.testng.reporters.JUnitReportReporter -->
<testsuite skipped="0" hostname="DESKTOP-U97TI4R" name="runner.TestNGRunnerDL" tests="1" failures="0" timestamp="15 Jun 2018 09:39:02 GMT" time="51.822" errors="1">
  <testcase name="runScenario" time="51.822" classname="runner.TestNGRunnerDL">
    <error type="java.lang.RuntimeException" message="FAILED">
      <![CDATA[java.lang.RuntimeException: FAILED
	at utils.Reporter.reportStep(Reporter.java:34)
	at utils.Reporter.reportStep(Reporter.java:44)
	at wdMethods.SeMethods.click(SeMethods.java:135)
	at pages.HomePage.clickCRMSFA(HomePage.java:34)
	at ✽.click CRM/SFA(src/test/java/features/DuplicateLead.feature:10)
]]>
    </error>
  </testcase> <!-- runScenario -->
</testsuite> <!-- runner.TestNGRunnerDL -->
